<?xml version="1.0" encoding="UTF-8"?>
<!-- Generated by org.testng.reporters.JUnitReportReporter -->
<testsuite hostname="lap_aalshi" failures="0" tests="1" name="UI_tests.LoginTest" time="9.863" errors="0" timestamp="2025-04-23T15:18:35 IST" skipped="0">
  <testcase classname="UI_tests.LoginTest" name="validLogin" time="9.863"/>
</testsuite> <!-- UI_tests.LoginTest -->
