<?xml version="1.0" encoding="UTF-8"?>
<!-- Generated by org.testng.reporters.JUnitReportReporter -->
<testsuite hostname="lap_aalshi" failures="0" tests="1" name="API_tests.AcadamicYear" time="6.635" errors="0" timestamp="2025-04-23T15:18:35 IST" skipped="0">
  <testcase classname="API_tests.AcadamicYear" name="testCreateAcademicYear" time="6.635"/>
</testsuite> <!-- API_tests.AcadamicYear -->
